frequency, decay constant, Q, amplitude, phase, error
1.66652, 2.794747e-04, 18733.4, 0.000107012, -1.67512, 9.238677e-08
1.67002, -4.297114e-04, -12209.4, 0.00016069, 1.20241, 6.133592e-07
1.67338, -3.980757e-04, -13206.2, 0.000133939, 1.42878, 3.240943e-07
1.67629, 9.150609e-04, 5755.05, 0.000701285, -2.61851, 9.755299e-07
1.68012, 1.304729e-04, 40454.9, 4.27372e-05, -1.57163, 5.523796e-08
1.6835, -3.324662e-03, -1590.8, 0.00093799, 1.77892, 1.214235e-06
1.68685, -1.608991e-04, -32936.2, 0.00011822, 0.599525, 4.300302e-07
1.69026, -1.547087e-03, -3432.32, 0.000506512, 1.17531, 5.255810e-07
1.69362, -1.747572e-03, -3044.61, 0.000628661, 1.48798, 5.669285e-07
1.69669, 2.915374e-04, 18283.5, 0.000178354, -1.93126, 8.895082e-08
1.70056, -6.961958e-04, -7673.82, 0.000855549, 0.535496, 6.394211e-07
1.70342, -7.528518e-04, -7108.25, 0.00124185, -3.05533, 9.365650e-07
1.70676, -1.791339e-03, -2993.25, 0.000922072, 2.34588, 4.889139e-07
1.70961, -1.126525e-03, -4767.67, 0.00201773, -2.38604, 9.495620e-07
1.7136, 9.643436e-03, 558.249, 0.00915058, -0.488417, 9.664733e-07
1.71674, 4.215906e-04, 12792.7, 0.000368624, -0.333919, 7.243324e-08
1.72009, 1.880867e-03, 2873.05, 0.00256504, -0.591258, 1.166728e-06
1.7231, -3.148742e-03, -1719.18, 0.00268399, -0.962597, 1.603935e-06
1.72761, 1.735726e-04, 31269, 0.000110076, 2.14427, 4.733274e-08
1.73007, -4.781638e-03, -1136.67, 0.00269672, 0.568218, 9.211856e-07
1.73419, -4.891464e-04, -11138, 0.000425135, -0.258639, 1.492122e-07
1.737, 4.024775e-04, 13558.4, 0.00125257, 2.55939, 5.410350e-07
1.74089, -1.318167e-03, -4149.07, 0.000777277, 0.490548, 1.827300e-07
1.74383, -3.027395e-03, -1809.61, 0.00183308, 1.87402, 5.071454e-07
1.74742, 4.591731e-04, 11955.6, 0.000550828, -2.66845, 2.827564e-07
1.75075, -3.961484e-04, -13884, 0.000224911, 1.59245, 7.758771e-08
1.75426, -3.212238e-04, -17156.7, 0.000227921, 0.970189, 6.172666e-08
1.75732, -7.564236e-04, -7298.53, 0.000480337, 2.64865, 1.432140e-07
1.76081, -1.404104e-03, -3939.69, 0.000802879, 2.66729, 1.792571e-07
1.76412, -9.795905e-05, -56576.1, 6.66479e-09, 2.33363, 9.419366e-08
1.76772, -3.266698e-05, -170003, 7.78681e-07, -1.79893, 1.772098e-08
1.77081, 1.864172e-03, 2984.26, 0.00172743, 0.287261, 1.294135e-07
1.77456, 5.265155e-04, 10588.4, 0.00169323, 1.48938, 1.061956e-07
1.77805, 4.196149e-04, 13312, 0.00120284, 0.151917, 2.622380e-08
1.78092, 1.498178e-03, 3734.48, 0.00604324, 0.232303, 5.549242e-08
1.78484, 3.611882e-04, 15524.5, 0.0298345, 2.37685, 1.925905e-08
1.78791, -4.163189e-04, -13491.8, 0.0253626, -0.272326, 1.192073e-08
1.79038, -2.166282e-03, -2596.45, 0.0950451, 2.33796, 3.637347e-08
1.79462, 7.612388e-04, 7406.3, 0.00500615, -1.97506, 2.166301e-08
1.79798, 1.393490e-03, 4053.5, 0.00772135, -2.31005, 6.596334e-08
1.8012, -7.544105e-04, -7500.73, 0.00165418, 2.32507, 2.927570e-08
1.80491, -3.334618e-04, -17004.3, 0.00142526, 0.890223, 3.544779e-08
1.8083, -9.365684e-04, -6065.71, 0.00159836, 2.54465, 8.120040e-08
1.81129, 2.698197e-05, 210894, 3.9863e-07, 2.96818, 2.402321e-08
1.81496, -5.105737e-04, -11167.6, 0.000569078, 1.72033, 9.017480e-08
1.81812, -1.184059e-04, -48239.1, 7.17708e-05, 1.80675, 1.529641e-08
1.82151, -8.360178e-05, -68448.8, 5.22487e-07, -2.59165, 1.475027e-08
1.82497, -4.433858e-04, -12930.7, 0.000203091, 0.437864, 5.945105e-08
1.82845, 2.933651e-04, 19580.5, 0.000292176, -2.20498, 1.781016e-08
1.83205, -1.175953e-04, -48943.9, 0.00186272, -1.55446, 8.758455e-08
1.83502, -7.160460e-05, -80510, 1.39953e-06, -1.70698, 4.832383e-09
1.83868, -7.980186e-04, -7238.39, 0.00235737, -0.757836, 4.359993e-08
1.84201, 5.675965e-05, 101953, 1.37539e-06, -0.299559, 1.768629e-08
1.84528, 7.730324e-04, 7499.19, 0.00898926, -1.97905, 3.188505e-08
1.84883, -4.313403e-04, -13465.7, 0.00378823, 0.314775, 3.799597e-09
1.85233, 3.529697e-04, 16486.6, 0.00825858, -2.59197, 1.376331e-09
1.85523, 3.194844e-04, 18243.1, 0.026115, -2.48667, 3.118348e-10
1.85929, 2.061391e-04, 28335.9, 0.0073588, -0.186128, 3.830514e-10
1.86285, 1.653274e-03, 3539.84, 0.0424375, 1.54042, 1.507033e-08
1.86676, -4.156444e-03, -1410.97, 0.086042, 1.9987, 1.008304e-07
1.86977, -5.244912e-03, -1119.95, 0.089715, 2.99404, 1.286710e-07
1.87499, -8.137938e-04, -7238.27, 0.00456617, 2.00092, 1.203141e-08
1.87549, 1.296088e-04, 45460.2, 0.000495117, 2.00203, 1.384389e-09
1.87627, -5.653342e-03, -1042.65, 0.0709208, -3.10813, 2.587499e-07
1.88299, -2.847827e-03, -2077.23, 0.039745, 3.071, 1.604118e-07
1.88589, -2.939216e-03, -2015.74, 0.0336843, -2.66168, 1.514152e-07
1.88932, -2.011944e-04, -29501.1, 0.0134276, 2.71436, 7.852857e-08
1.89276, 8.279564e-04, 7181.9, 0.00661502, 1.55428, 3.721258e-08
1.89546, -2.384583e-02, -249.719, 0.170399, -1.63139, 1.574310e-06
1.89941, -2.150122e-04, -27752.8, 0.00299109, -2.17979, 2.949699e-08
1.90126, 4.724616e-05, 126422, 7.46338e-10, 2.3925, 5.657479e-08
1.90507, -1.298780e-02, -460.814, 0.103014, -0.287008, 1.395617e-06
1.9072, -8.710298e-04, -6878.82, 0.0247938, 1.45632, 2.778421e-07
1.9114, 1.243121e-04, 48304.5, 0.00173227, -2.61209, 3.011351e-08
1.91434, -5.445090e-03, -1104.5, 0.0369375, 0.616943, 7.741211e-07
1.91779, -1.451393e-03, -4151.13, 0.00981628, 1.20219, 2.352777e-07
1.92169, -2.834624e-04, -21298, 0.00110265, -1.36583, 2.876493e-08
1.92454, 2.003630e-04, 30175.8, 0.0169063, 1.31794, 4.834968e-07
1.92817, -3.579277e-04, -16923.9, 0.00464005, 1.20943, 2.101126e-07
1.93165, -5.050663e-04, -12015.2, 0.000655314, -0.630382, 4.236541e-08
1.93482, 1.009246e-03, 6022.73, 0.00980746, 1.52704, 4.547349e-07
1.93905, -3.402334e-04, -17904.5, 0.000349621, -0.758955, 2.824053e-08
1.9418, -4.958789e-04, -12302.1, 0.00273188, 1.51615, 1.825025e-07
1.94539, 3.021203e-03, 2022.91, 0.00542486, 2.18294, 3.969354e-07
1.94867, -7.161331e-04, -8548.61, 0.00227637, 1.45652, 3.550595e-07
1.95202, -2.278367e-04, -26915.9, 0.000445564, 1.48179, 3.169836e-08
1.95548, 2.005131e-03, 3063.8, 0.00359676, 2.30884, 4.705136e-07
1.95901, 9.857397e-04, 6243.44, 0.00100976, 2.50366, 1.070704e-07
1.96284, -1.779628e-04, -34650.2, 8.39888e-05, -0.146472, 1.957926e-08
1.96613, 3.865142e-03, 1598.08, 0.00211291, -2.7782, 3.877231e-07
1.96924, 1.159111e-03, 5337.31, 0.000885032, 2.95992, 4.402749e-07
1.9724, 1.954079e-03, 3171.05, 0.0010774, -3.02345, 2.335361e-07
1.97614, 1.173340e-03, 5291.08, 0.000667339, 3.07604, 4.971590e-07
1.97952, 3.185652e-03, 1952.14, 0.00092421, -2.16179, 3.527935e-07
1.98321, 5.551697e-04, 11222.6, 0.000183143, -2.31659, 3.904332e-07
1.98653, 3.194182e-03, 1953.82, 0.000797943, -1.93956, 4.410557e-07
1.98985, -4.148095e-05, -150703, 1.28565e-07, -2.31928, 2.857068e-08
1.99302, 2.761836e-04, 22670.7, 3.8118e-05, -0.916164, 7.925118e-08
1.99685, 2.793008e-04, 22460.7, 0.000134813, -0.385877, 6.638791e-07
1.99983, -3.532964e-05, -177829, 4.25521e-07, 1.88749, 2.648271e-08
