1:a
2:b
3:c
4:d
5:e
6:f
7:g
8:h
9:i
10:j
11:k
12:l
13:m
14:n
15:o
16:p
17:q
18:r
19:s
20:t
21:u
22:v
23:w
24:x
25:y
26:z
27:aa
28:ab
29:ac
30:ad
31:ae
32:af
33:ag
34:ah
35:ai
36:aj
37:ak
38:al
39:am
40:an
41:ao
42:ap
43:aq
44:ar
45:as
46:at
47:au
48:av
49:aw
50:ax
51:ay
52:az
53:a{
54:ba
55:bb
56:bc
57:bd
58:be
59:bf
60:bg
61:bh
62:bi
63:bj
64:bk
65:bl
66:bm
67:bn
68:bo
69:bp
70:bq
71:br
72:bs
73:bt
74:bu
75:bv
76:bw
77:bx
78:by
79:bz
80:b{
81:ca
82:cb
83:cc
84:cd
85:ce
86:cf
87:cg
88:ch
89:ci
90:cj
91:ck
92:cl
93:cm
94:cn
95:co
96:cp
97:cq
98:cr
99:cs
100:ct
101:cu
102:cv
103:cw
104:cx
105:cy
106:cz
107:c{
108:da
109:db
110:dc
111:dd
112:de
113:df
114:dg
115:dh
116:di
117:dj
118:dk
119:dl
120:dm
121:dn
122:do
123:dp
124:dq
125:dr
126:ds
127:dt
128:du
129:dv
130:dw
131:dx
132:dy
133:dz
134:d{
135:ea
136:eb
137:ec
138:ed
139:ee
140:ef
141:eg
142:eh
143:ei
144:ej
145:ek
146:el
147:em
148:en
149:eo
150:ep
151:eq
152:er
153:es
154:et
155:eu
156:ev
157:ew
158:ex
159:ey
160:ez
161:e{
162:fa
163:fb
164:fc
165:fd
166:fe
167:ff
168:fg
169:fh
170:fi
171:fj
172:fk
173:fl
174:fm
175:fn
176:fo
177:fp
178:fq
179:fr
180:fs
181:ft
182:fu
183:fv
184:fw
185:fx
186:fy
187:fz
188:f{
189:ga
190:gb
191:gc
192:gd
193:ge
194:gf
195:gg
196:gh
197:gi
198:gj
199:gk
200:gl
201:gm
202:gn
203:go
204:gp
205:gq
206:gr
207:gs
208:gt
209:gu
210:gv
211:gw
212:gx
213:gy
214:gz
215:g{
216:ha
217:hb
218:hc
219:hd
220:he
221:hf
222:hg
223:hh
224:hi
225:hj
226:hk
227:hl
228:hm
229:hn
230:ho
231:hp
232:hq
233:hr
234:hs
235:ht
236:hu
237:hv
238:hw
239:hx
240:hy
241:hz
242:h{
243:ia
244:ib
245:ic
246:id
247:ie
248:if
249:ig
250:ih
251:ii
252:ij
253:ik
254:il
255:im
256:in
257:io
258:ip
259:iq
260:ir
261:is
262:it
263:iu
264:iv
265:iw
266:ix
267:iy
268:iz
269:i{
270:ja
271:jb
272:jc
273:jd
274:je
275:jf
276:jg
277:jh
278:ji
279:jj
280:jk
281:jl
282:jm
283:jn
284:jo
285:jp
286:jq
287:jr
288:js
289:jt
290:ju
291:jv
292:jw
293:jx
294:jy
295:jz
296:j{
297:ka
298:kb
299:kc
300:kd
301:ke
302:kf
303:kg
304:kh
305:ki
306:kj
307:kk
308:kl
309:km
310:kn
311:ko
312:kp
313:kq
314:kr
315:ks
316:kt
317:ku
318:kv
319:kw
320:kx
321:ky
322:kz
323:k{
324:la
325:lb
326:lc
327:ld
328:le
329:lf
330:lg
331:lh
332:li
333:lj
334:lk
335:ll
336:lm
337:ln
338:lo
339:lp
340:lq
341:lr
342:ls
343:lt
344:lu
345:lv
346:lw
347:lx
348:ly
349:lz
350:l{
351:ma
352:mb
353:mc
354:md
355:me
356:mf
357:mg
358:mh
359:mi
360:mj
361:mk
362:ml
363:mm
364:mn
365:mo
366:mp
367:mq
368:mr
369:ms
370:mt
371:mu
372:mv
373:mw
374:mx
375:my
376:mz
377:m{
378:na
379:nb
380:nc
381:nd
382:ne
383:nf
384:ng
385:nh
386:ni
387:nj
388:nk
389:nl
390:nm
391:nn
392:no
393:np
394:nq
395:nr
396:ns
397:nt
398:nu
399:nv
400:nw
401:nx
402:ny
403:nz
404:n{
405:oa
406:ob
407:oc
408:od
409:oe
410:of
411:og
412:oh
413:oi
414:oj
415:ok
416:ol
417:om
418:on
419:oo
420:op
421:oq
422:or
423:os
424:ot
425:ou
426:ov
427:ow
428:ox
429:oy
430:oz
431:o{
432:pa
433:pb
434:pc
435:pd
436:pe
437:pf
438:pg
439:ph
440:pi
441:pj
442:pk
443:pl
444:pm
445:pn
446:po
447:pp
448:pq
449:pr
450:ps
451:pt
452:pu
453:pv
454:pw
455:px
456:py
457:pz
458:p{
459:qa
460:qb
461:qc
462:qd
463:qe
464:qf
465:qg
466:qh
467:qi
468:qj
469:qk
470:ql
471:qm
472:qn
473:qo
474:qp
475:qq
476:qr
477:qs
478:qt
479:qu
480:qv
481:qw
482:qx
483:qy
484:qz
485:q{
486:ra
487:rb
488:rc
489:rd
490:re
491:rf
492:rg
493:rh
494:ri
495:rj
496:rk
497:rl
498:rm
499:rn
500:ro
501:rp
502:rq
503:rr
504:rs
505:rt
506:ru
507:rv
508:rw
509:rx
510:ry
511:rz
512:r{
513:sa
514:sb
515:sc
516:sd
517:se
518:sf
519:sg
520:sh
521:si
522:sj
523:sk
524:sl
525:sm
526:sn
527:so
528:sp
529:sq
530:sr
531:ss
532:st
533:su
534:sv
535:sw
536:sx
537:sy
538:sz
539:s{
540:ta
541:tb
542:tc
543:td
544:te
545:tf
546:tg
547:th
548:ti
549:tj
550:tk
551:tl
552:tm
553:tn
554:to
555:tp
556:tq
557:tr
558:ts
559:tt
560:tu
561:tv
562:tw
563:tx
564:ty
565:tz
566:t{
567:ua
568:ub
569:uc
570:ud
571:ue
572:uf
573:ug
574:uh
575:ui
576:uj
577:uk
578:ul
579:um
580:un
581:uo
582:up
583:uq
584:ur
585:us
586:ut
587:uu
588:uv
589:uw
590:ux
591:uy
592:uz
593:u{
594:va
595:vb
596:vc
597:vd
598:ve
599:vf
600:vg
601:vh
602:vi
603:vj
604:vk
605:vl
606:vm
607:vn
608:vo
609:vp
610:vq
611:vr
612:vs
613:vt
614:vu
615:vv
616:vw
617:vx
618:vy
619:vz
620:v{
621:wa
622:wb
623:wc
624:wd
625:we
626:wf
627:wg
628:wh
629:wi
630:wj
631:wk
632:wl
633:wm
634:wn
635:wo
636:wp
637:wq
638:wr
639:ws
640:wt
641:wu
642:wv
643:ww
644:wx
645:wy
646:wz
647:w{
648:xa
649:xb
650:xc
651:xd
652:xe
653:xf
654:xg
655:xh
656:xi
657:xj
658:xk
659:xl
660:xm
661:xn
662:xo
663:xp
664:xq
665:xr
666:xs
667:xt
668:xu
669:xv
670:xw
671:xx
672:xy
673:xz
674:x{
675:ya
676:yb
677:yc
678:yd
679:ye
680:yf
681:yg
682:yh
683:yi
684:yj
685:yk
686:yl
687:ym
688:yn
689:yo
690:yp
691:yq
692:yr
693:ys
694:yt
695:yu
696:yv
697:yw
698:yx
699:yy
700:yz
701:y{
702:za
703:zb
704:zc
705:zd
706:ze
707:zf
708:zg
709:zh
710:zi
711:zj
712:zk
713:zl
714:zm
715:zn
716:zo
717:zp
718:zq
719:zr
720:zs
721:zt
722:zu
723:zv
724:zw
725:zx
726:zy
727:zz
728:z{
729:{a
730:{b
731:{c
732:{d
733:{e
734:{f
735:{g
736:{h
737:{i
738:{j
739:{k
740:{l
741:{m
742:{n
743:{o
744:{p
745:{q
746:{r
747:{s
748:{t
749:{u
750:{v
751:{w
752:{x
753:{y
754:{z
755:{{
756:|a
757:|b
758:|c
759:|d
760:|e
761:|f
762:|g
763:|h
764:|i
765:|j
766:|k
767:|l
768:|m
769:|n
770:|o
771:|p
772:|q
773:|r
774:|s
775:|t
776:|u
777:|v
778:|w
779:|x
780:|y
781:|z
782:|{
783:}a
784:}b
785:}c
786:}d
787:}e
788:}f
789:}g
790:}h
791:}i
792:}j
793:}k
794:}l
795:}m
796:}n
797:}o
798:}p
799:}q
800:}r
801:}s
802:}t
803:}u
804:}v
805:}w
806:}x
807:}y
808:}z
809:}{
810:~a
811:~b
812:~c
813:~d
814:~e
815:~f
816:~g
817:~h
818:~i
819:~j
820:~k
821:~l
822:~m
823:~n
824:~o
825:~p
826:~q
827:~r
828:~s
829:~t
830:~u
831:~v
832:~w
833:~x
834:~y
835:~z
836:~{
