boundary       a 24 24
rotation       A 10 10
box            b 6 6
block          B 19 19
cpfdtd         C 8 8
cylinder       c 9 9
dst            D 8 8
distorted      d 26 26
distorted_block   d  26 26
excitation     E -20 20
rot_cyl        e 10 10
flags          F -8 -8
flag           F -8 -8
frequency_snapshot  f 28 28
subgrid        G 6 6
spaceonly      g 6 6
cht            H 12 12
heat            h 10 10
semi_probe     I 10 10
no_mesh        i 20 20
two_port       J 25 25
no_block       j 27 27
boundary_plane K 11 11
twire          k -1 -1
inductor       l 12 12
vivaldi        L 23 23
nodes          M 3 3
mode           m 1 1
near-far       N 22 22
extprobe       n 3 3
n/f_observation_point n 3 3
probe          p 16 16
plot           P 0 0
4D_snapshot    q 20 20
radius         R 4 4
resistor       r 12 12
sphere         S 20 20
snapshot       s 23 23
track          T 9 9
pcb_track      T 9 9
tube           t 13 13
via	       U 6  6
via_hole       U 6  6
varactor       V 12 12
diode          V 12 12
vprobe         v 18 18
power          W 8 8
wire           w 13 13
xmesh          x -1 -1
ymesh          y -1 -1
eps_map        Y -1 -1
zmesh          z -1 -1
z_cyl          Z 9 9
filament       0 18 18
nchannel       1 14 14
pchannel       2 14 14
cmos           3 14 14
fourth         4 8 8
semiconductor_region 5 6 6
silicon_block 6 11 11
material_map  7 1 1
heat_probe     8 10 10
heat_snapshot  9 13 13
heat_snap      9 13 13


end


